<?xml version="1.0" encoding="UTF-8" ?>
<testsuite failures="0" time="0.526" errors="0" skipped="0" tests="10" name="org.goldenorb.util.TestCommandLineUtils">
  <properties>
[...]
</properties>
  <testcase time="0.003" classname="org.goldenorb.util.TestCommandLineUtils" name="testHelp"/>
  <testcase time="0.041" classname="org.goldenorb.util.TestCommandLineUtils" name="testJob1"/>
  <testcase time="0.026" classname="org.goldenorb.util.TestCommandLineUtils" name="testJob2"/>
  <testcase time="0.013" classname="org.goldenorb.util.TestCommandLineUtils" name="testJob3"/>
  <testcase time="0.011" classname="org.goldenorb.util.TestCommandLineUtils" name="testJobKill1"/>
  <testcase time="0.015" classname="org.goldenorb.util.TestCommandLineUtils" name="testJobKill2"/>
  <testcase time="0.003" classname="org.goldenorb.util.TestCommandLineUtils" name="testJobStatus1"/>
  <testcase time="0.005" classname="org.goldenorb.util.TestCommandLineUtils" name="testJobStatus2"/>
  <testcase time="0.001" classname="org.goldenorb.util.TestCommandLineUtils" name="testJobStatus3"/>
  <testcase time="0.003" classname="org.goldenorb.util.TestCommandLineUtils" name="testJobStatus4"/>
</testsuite>